<?xml version="1.0" encoding="UTF-8"?>
<!-- Generated by org.testng.reporters.JUnitXMLReporter -->
<testsuite hostname="dell1" ignored="1" name="Test1" tests="2" failures="0" timestamp="2020-12-15T18:55:05 IST" time="146.799" errors="0">
  <testcase name="search" time="14.104" classname="com.pre.scripts.FunctionalCases"/>
  <testcase name="search" time="41.966" classname="com.pre.scripts.FunctionalCases"/>
  <testcase name="login" time="0.0" classname="com.pre.scripts.FunctionalCases">
    <ignored/>
  </testcase> <!-- login -->
</testsuite> <!-- Test1 -->
